This is pdfTeX, Version 3.14159265-2.6-1.40.20 (MiKTeX 2.9.7050 64-bit) (preloaded format=pdflatex 2019.5.31)  8 APR 2022 09:34
entering extended mode
**./simulation.tex
(simulation.tex
LaTeX2e <2018-12-01>
("C:\Users\harry\AppData\Local\Programs\MiKTeX 2.9\tex/latex/base\article.cls"
Document Class: article 2018/09/03 v1.4i Standard LaTeX document class
("C:\Users\harry\AppData\Local\Programs\MiKTeX 2.9\tex/latex/base\size10.clo"
File: size10.clo 2018/09/03 v1.4i Standard LaTeX file (size option)
)
\c@part=\count80
\c@section=\count81
\c@subsection=\count82
\c@subsubsection=\count83
\c@paragraph=\count84
\c@subparagraph=\count85
\c@figure=\count86
\c@table=\count87
\abovecaptionskip=\skip41
\belowcaptionskip=\skip42
\bibindent=\dimen102
) ("C:\Users\harry\AppData\Local\Programs\MiKTeX 2.9\tex/latex/base\inputenc.st
y"
Package: inputenc 2018/08/11 v1.3c Input encoding file
\inpenc@prehook=\toks14
\inpenc@posthook=\toks15
)
("C:\Users\harry\AppData\Local\Programs\MiKTeX 2.9\tex/latex/amsmath\amsmath.st
y"
Package: amsmath 2018/12/01 v2.17b AMS math features
\@mathmargin=\skip43

For additional information on amsmath, use the `?' option.

("C:\Users\harry\AppData\Local\Programs\MiKTeX 2.9\tex/latex/amsmath\amstext.st
y"
Package: amstext 2000/06/29 v2.01 AMS text

("C:\Users\harry\AppData\Local\Programs\MiKTeX 2.9\tex/latex/amsmath\amsgen.sty
"
File: amsgen.sty 1999/11/30 v2.0 generic functions
\@emptytoks=\toks16
\ex@=\dimen103
))
("C:\Users\harry\AppData\Local\Programs\MiKTeX 2.9\tex/latex/amsmath\amsbsy.sty
"
Package: amsbsy 1999/11/29 v1.2d Bold Symbols
\pmbraise@=\dimen104
)
("C:\Users\harry\AppData\Local\Programs\MiKTeX 2.9\tex/latex/amsmath\amsopn.sty
"
Package: amsopn 2016/03/08 v2.02 operator names
)
\inf@bad=\count88
LaTeX Info: Redefining \frac on input line 223.
\uproot@=\count89
\leftroot@=\count90
LaTeX Info: Redefining \overline on input line 385.
\classnum@=\count91
\DOTSCASE@=\count92
LaTeX Info: Redefining \ldots on input line 482.
LaTeX Info: Redefining \dots on input line 485.
LaTeX Info: Redefining \cdots on input line 606.
\Mathstrutbox@=\box27
\strutbox@=\box28
\big@size=\dimen105
LaTeX Font Info:    Redeclaring font encoding OML on input line 729.
LaTeX Font Info:    Redeclaring font encoding OMS on input line 730.
\macc@depth=\count93
\c@MaxMatrixCols=\count94
\dotsspace@=\muskip10
\c@parentequation=\count95
\dspbrk@lvl=\count96
\tag@help=\toks17
\row@=\count97
\column@=\count98
\maxfields@=\count99
\andhelp@=\toks18
\eqnshift@=\dimen106
\alignsep@=\dimen107
\tagshift@=\dimen108
\tagwidth@=\dimen109
\totwidth@=\dimen110
\lineht@=\dimen111
\@envbody=\toks19
\multlinegap=\skip44
\multlinetaggap=\skip45
\mathdisplay@stack=\toks20
LaTeX Info: Redefining \[ on input line 2844.
LaTeX Info: Redefining \] on input line 2845.
)
("C:\Users\harry\AppData\Local\Programs\MiKTeX 2.9\tex/latex/amscls\amsthm.sty"
Package: amsthm 2017/10/31 v2.20.4
\thm@style=\toks21
\thm@bodyfont=\toks22
\thm@headfont=\toks23
\thm@notefont=\toks24
\thm@headpunct=\toks25
\thm@preskip=\skip46
\thm@postskip=\skip47
\thm@headsep=\skip48
\dth@everypar=\toks26
)
("C:\Users\harry\AppData\Local\Programs\MiKTeX 2.9\tex/latex/amsfonts\amssymb.s
ty"
Package: amssymb 2013/01/14 v3.01 AMS font symbols

("C:\Users\harry\AppData\Local\Programs\MiKTeX 2.9\tex/latex/amsfonts\amsfonts.
sty"
Package: amsfonts 2013/01/14 v3.01 Basic AMSFonts support
\symAMSa=\mathgroup4
\symAMSb=\mathgroup5
LaTeX Font Info:    Overwriting math alphabet `\mathfrak' in version `bold'
(Font)                  U/euf/m/n --> U/euf/b/n on input line 106.
))
("C:\Users\harry\AppData\Local\Programs\MiKTeX 2.9\tex/latex/parskip\parskip.st
y"
Package: parskip 2019-01-16 v2.0c non-zero parskip adjustments

("C:\Users\harry\AppData\Local\Programs\MiKTeX 2.9\tex/latex/oberdiek\kvoptions
.sty"
Package: kvoptions 2016/05/16 v3.12 Key value format for package options (HO)

("C:\Users\harry\AppData\Local\Programs\MiKTeX 2.9\tex/latex/graphics\keyval.st
y"
Package: keyval 2014/10/28 v1.15 key=value parser (DPC)
\KV@toks@=\toks27
)
("C:\Users\harry\AppData\Local\Programs\MiKTeX 2.9\tex/generic/oberdiek\ltxcmds
.sty"
Package: ltxcmds 2016/05/16 v1.23 LaTeX kernel commands for general use (HO)
)
("C:\Users\harry\AppData\Local\Programs\MiKTeX 2.9\tex/generic/oberdiek\kvsetke
ys.sty"
Package: kvsetkeys 2016/05/16 v1.17 Key value parser (HO)

("C:\Users\harry\AppData\Local\Programs\MiKTeX 2.9\tex/generic/oberdiek\infware
rr.sty"
Package: infwarerr 2016/05/16 v1.4 Providing info/warning/error messages (HO)
)
("C:\Users\harry\AppData\Local\Programs\MiKTeX 2.9\tex/generic/oberdiek\etexcmd
s.sty"
Package: etexcmds 2016/05/16 v1.6 Avoid name clashes with e-TeX commands (HO)

("C:\Users\harry\AppData\Local\Programs\MiKTeX 2.9\tex/generic/oberdiek\ifluate
x.sty"
Package: ifluatex 2016/05/16 v1.4 Provides the ifluatex switch (HO)
Package ifluatex Info: LuaTeX not detected.
))))
("C:\Users\harry\AppData\Local\Programs\MiKTeX 2.9\tex/latex/etoolbox\etoolbox.
sty"
Package: etoolbox 2018/08/19 v2.5f e-TeX tools for LaTeX (JAW)
\etb@tempcnta=\count100
))
("C:\Users\harry\AppData\Local\Programs\MiKTeX 2.9\tex/latex/setspace\setspace.
sty"
Package: setspace 2011/12/19 v6.7a set line spacing
)
("C:\Users\harry\AppData\Local\Programs\MiKTeX 2.9\tex/latex/graphics\color.sty
"
Package: color 2016/07/10 v1.1e Standard LaTeX Color (DPC)

("C:\Users\harry\AppData\Local\Programs\MiKTeX 2.9\tex/latex/graphics-cfg\color
.cfg"
File: color.cfg 2016/01/02 v1.6 sample color configuration
)
Package color Info: Driver file: pdftex.def on input line 147.

("C:\Users\harry\AppData\Local\Programs\MiKTeX 2.9\tex/latex/graphics-def\pdfte
x.def"
File: pdftex.def 2018/01/08 v1.0l Graphics/color driver for pdftex
))
\c@assumption=\count101
\c@lemma=\count102
\c@proposition=\count103
\c@corollary=\count104
\c@definition=\count105
\c@remark=\count106
\c@example=\count107
 (simulation.aux)
\openout1 = `simulation.aux'.

LaTeX Font Info:    Checking defaults for OML/cmm/m/it on input line 24.
LaTeX Font Info:    ... okay on input line 24.
LaTeX Font Info:    Checking defaults for T1/cmr/m/n on input line 24.
LaTeX Font Info:    ... okay on input line 24.
LaTeX Font Info:    Checking defaults for OT1/cmr/m/n on input line 24.
LaTeX Font Info:    ... okay on input line 24.
LaTeX Font Info:    Checking defaults for OMS/cmsy/m/n on input line 24.
LaTeX Font Info:    ... okay on input line 24.
LaTeX Font Info:    Checking defaults for OMX/cmex/m/n on input line 24.
LaTeX Font Info:    ... okay on input line 24.
LaTeX Font Info:    Checking defaults for U/cmr/m/n on input line 24.
LaTeX Font Info:    ... okay on input line 24.

("C:\Users\harry\AppData\Local\Programs\MiKTeX 2.9\tex/context/base/mkii\supp-p
df.mkii"
[Loading MPS to PDF converter (version 2006.09.02).]
\scratchcounter=\count108
\scratchdimen=\dimen112
\scratchbox=\box29
\nofMPsegments=\count109
\nofMParguments=\count110
\everyMPshowfont=\toks28
\MPscratchCnt=\count111
\MPscratchDim=\dimen113
\MPnumerator=\count112
\makeMPintoPDFobject=\count113
\everyMPtoPDFconversion=\toks29
)
LaTeX Font Info:    Try loading font information for U+msa on input line 27.
 ("C:\Users\harry\AppData\Local\Programs\MiKTeX 2.9\tex/latex/amsfonts\umsa.fd"
File: umsa.fd 2013/01/14 v3.01 AMS symbols A
)
LaTeX Font Info:    Try loading font information for U+msb on input line 27.
 ("C:\Users\harry\AppData\Local\Programs\MiKTeX 2.9\tex/latex/amsfonts\umsb.fd"
File: umsb.fd 2013/01/14 v3.01 AMS symbols B
)

LaTeX Warning: Reference `sec_Estimation' on page 1 undefined on input line 49.


[1

{C:/Users/harry/AppData/Local/MiKTeX/2.9/pdftex/config/pdftex.map}]

LaTeX Warning: Reference `sec_additive' on page 2 undefined on input line 59.

[2]
LaTeX Font Info:    Try loading font information for OMS+cmr on input line 88.
 ("C:\Users\harry\AppData\Local\Programs\MiKTeX 2.9\tex/latex/base\omscmr.fd"
File: omscmr.fd 2014/09/29 v2.5h Standard LaTeX font definitions
)
LaTeX Font Info:    Font shape `OMS/cmr/m/n' in size <10> not available
(Font)              Font shape `OMS/cmsy/m/n' tried instead on input line 88.
 [3] [4] [5] [6] [7] [8] [9]
Overfull \hbox (38.24666pt too wide) in paragraph at lines 415--415
[]\OT1/cmtt/m/n/10 [[ 1.02725622  0.5176001  -2.05864265  1.23721569 -0.7210690
5  0.31020889[] 
 []


Overfull \hbox (32.9967pt too wide) in paragraph at lines 415--415
[]\OT1/cmtt/m/n/10 [ 1.07123975  0.54008013 -2.14637137  1.29162637 -0.75003755
  0.32440195[] 
 []

[10]
Overfull \hbox (32.9967pt too wide) in paragraph at lines 415--415
[]\OT1/cmtt/m/n/10 [ 1.1921295   0.57989283 -2.33978741  1.39230093 -0.82495065
  0.35665218[] 
 []


Overfull \hbox (32.9967pt too wide) in paragraph at lines 415--415
[]\OT1/cmtt/m/n/10 [ 1.4996324   0.89112044 -3.08191948  1.97792953 -1.03554466
  0.39465755[] 
 []


Overfull \hbox (38.24666pt too wide) in paragraph at lines 415--415
[]\OT1/cmtt/m/n/10 [[ 0.12954025  0.10149575  0.17274183  0.12996276  0.0906369
4  0.07967804[] 
 []


Overfull \hbox (32.9967pt too wide) in paragraph at lines 415--415
[]\OT1/cmtt/m/n/10 [ 0.21711901  0.18086076  0.30319765  0.23741623  0.14984034
  0.13398944[] 
 []


Overfull \hbox (32.9967pt too wide) in paragraph at lines 415--415
[]\OT1/cmtt/m/n/10 [ 2.97397908  0.87117646  4.53042755  2.25323743  1.68964042
  0.78757515[] 
 []


Overfull \hbox (32.9967pt too wide) in paragraph at lines 415--415
[]\OT1/cmtt/m/n/10 [ 7.01029255  3.51006939 12.13844962  7.76745485  4.69750453
  1.91450644[] 
 []


Overfull \hbox (38.24666pt too wide) in paragraph at lines 415--415
[]\OT1/cmtt/m/n/10 [[ 1.01470954  0.50724365 -2.0306106   1.21785328 -0.7115173
2  0.30471889[] 
 []


Overfull \hbox (32.9967pt too wide) in paragraph at lines 415--415
[]\OT1/cmtt/m/n/10 [ 1.03106299  0.51723994 -2.06647681  1.24041647 -0.72394697
  0.30909333[] 
 []


Overfull \hbox (27.74675pt too wide) in paragraph at lines 415--415
[]\OT1/cmtt/m/n/10 [ 1.04045138  0.52138167 -2.08772044  1.25236737 -0.73119327
  0.3131551[] 
 []


Overfull \hbox (32.9967pt too wide) in paragraph at lines 415--415
[]\OT1/cmtt/m/n/10 [ 1.0138901   0.61210066 -2.17333147  1.3788245  -0.72449483
  0.28192102[] 
 []


Overfull \hbox (6.74693pt too wide) in paragraph at lines 415--415
[]\OT1/cmtt/m/n/10 [[0.08961579 0.07054348 0.11596102 0.08703768 0.06134015 0.0
5491414[] 
 []


Overfull \hbox (1.49698pt too wide) in paragraph at lines 415--415
[]\OT1/cmtt/m/n/10 [0.13878747 0.1185509  0.18735632 0.15032367 0.09772463 0.08
766628[] 
 []


Overfull \hbox (1.49698pt too wide) in paragraph at lines 415--415
[]\OT1/cmtt/m/n/10 [0.14242275 0.07867273 0.15073804 0.10206377 0.07777906 0.06
720136[] 
 []

[11]
Overfull \hbox (1.49698pt too wide) in paragraph at lines 415--415
[]\OT1/cmtt/m/n/10 [0.14175696 0.08854494 0.16819501 0.11907604 0.08365428 0.07
090414[] 
 []


Overfull \hbox (38.24666pt too wide) in paragraph at lines 415--415
[]\OT1/cmtt/m/n/10 [[ 1.00581683  0.50204505 -2.01101345  1.20655051 -0.7044911
7  0.30238619[] 
 []


Overfull \hbox (32.9967pt too wide) in paragraph at lines 415--415
[]\OT1/cmtt/m/n/10 [ 1.0131092   0.50663293 -2.02959267  1.21728989 -0.71112976
  0.30383917[] 
 []


Overfull \hbox (27.74675pt too wide) in paragraph at lines 415--415
[]\OT1/cmtt/m/n/10 [ 1.01730848  0.50879099 -2.03796274  1.222628   -0.71391768
  0.3060213[] 
 []


Overfull \hbox (32.9967pt too wide) in paragraph at lines 415--415
[]\OT1/cmtt/m/n/10 [ 1.00034329  0.5753309  -2.10107245  1.31627904 -0.70864686
  0.28371132[] 
 []


Overfull \hbox (6.74693pt too wide) in paragraph at lines 415--415
[]\OT1/cmtt/m/n/10 [[0.06151435 0.04881332 0.08100703 0.06169968 0.04331079 0.0
3766353[] 
 []


Overfull \hbox (1.49698pt too wide) in paragraph at lines 415--415
[]\OT1/cmtt/m/n/10 [0.09619565 0.08319213 0.12715765 0.10371681 0.06733829 0.05
943197[] 
 []


Overfull \hbox (1.49698pt too wide) in paragraph at lines 415--415
[]\OT1/cmtt/m/n/10 [0.09718725 0.05382577 0.09993611 0.068655   0.05333421 0.04
481709[] 
 []


Overfull \hbox (1.49698pt too wide) in paragraph at lines 415--415
[]\OT1/cmtt/m/n/10 [0.09628772 0.06013854 0.10843431 0.07732557 0.05616947 0.04
730025[] 
 []

[12] (simulation.aux)

LaTeX Warning: There were undefined references.

 ) 
Here is how much of TeX's memory you used:
 2537 strings out of 492895
 33686 string characters out of 3123735
 104250 words of memory out of 3000000
 6425 multiletter control sequences out of 15000+200000
 12604 words of font info for 49 fonts, out of 3000000 for 9000
 1141 hyphenation exceptions out of 8191
 37i,13n,27p,1086b,254s stack positions out of 5000i,500n,10000p,200000b,50000s
<C:/Users/harry/AppData/Local/Programs/MiKTeX 2.9/fonts/type1/public/amsfonts
/cm/cmbx10.pfb><C:/Users/harry/AppData/Local/Programs/MiKTeX 2.9/fonts/type1/pu
blic/amsfonts/cm/cmbx12.pfb><C:/Users/harry/AppData/Local/Programs/MiKTeX 2.9/f
onts/type1/public/amsfonts/cm/cmex10.pfb><C:/Users/harry/AppData/Local/Programs
/MiKTeX 2.9/fonts/type1/public/amsfonts/cm/cmmi10.pfb><C:/Users/harry/AppData/L
ocal/Programs/MiKTeX 2.9/fonts/type1/public/amsfonts/cm/cmmi5.pfb><C:/Users/har
ry/AppData/Local/Programs/MiKTeX 2.9/fonts/type1/public/amsfonts/cm/cmmi7.pfb><
C:/Users/harry/AppData/Local/Programs/MiKTeX 2.9/fonts/type1/public/amsfonts/cm
/cmr10.pfb><C:/Users/harry/AppData/Local/Programs/MiKTeX 2.9/fonts/type1/public
/amsfonts/cm/cmr12.pfb><C:/Users/harry/AppData/Local/Programs/MiKTeX 2.9/fonts/
type1/public/amsfonts/cm/cmr17.pfb><C:/Users/harry/AppData/Local/Programs/MiKTe
X 2.9/fonts/type1/public/amsfonts/cm/cmr6.pfb><C:/Users/harry/AppData/Local/Pro
grams/MiKTeX 2.9/fonts/type1/public/amsfonts/cm/cmr7.pfb><C:/Users/harry/AppDat
a/Local/Programs/MiKTeX 2.9/fonts/type1/public/amsfonts/cm/cmr8.pfb><C:/Users/h
arry/AppData/Local/Programs/MiKTeX 2.9/fonts/type1/public/amsfonts/cm/cmsy10.pf
b><C:/Users/harry/AppData/Local/Programs/MiKTeX 2.9/fonts/type1/public/amsfonts
/cm/cmsy7.pfb><C:/Users/harry/AppData/Local/Programs/MiKTeX 2.9/fonts/type1/pub
lic/amsfonts/cm/cmtt10.pfb>
Output written on simulation.pdf (12 pages, 186736 bytes).
PDF statistics:
 101 PDF objects out of 1000 (max. 8388607)
 0 named destinations out of 1000 (max. 500000)
 1 words of extra memory for PDF output out of 10000 (max. 10000000)

